<?xml version="1.0" encoding="UTF-8"?>
<testsuite name="org.demo.lettercount.CountLetterTest" tests="1" skipped="0" failures="0" errors="0" timestamp="2018-05-05T15:39:32" hostname="DESKTOP-SHUA981" time="0.003">
  <properties/>
  <testcase name="testCount" classname="org.demo.lettercount.CountLetterTest" time="0.003"/>
  <system-out><![CDATA[]]></system-out>
  <system-err><![CDATA[]]></system-err>
</testsuite>
